1627217805414	geckodriver	INFO	Listening on 127.0.0.1:54872
1627217808467	mozrunner::runner	INFO	Running command: "C:\\Program Files\\Mozilla Firefox\\firefox.exe" "--marionette" "-foreground" "-no-remote" "-profile" "C:\\Users\\langezai\\AppData\\Local\\Temp\\rust_mozprofileRO260y"
1627217808805	Marionette	INFO	Marionette enabled
console.warn: SearchSettings: "get: No settings file exists, new profile?" (new NotFoundError("Could not open the file at C:\\Users\\langezai\\AppData\\Local\\Temp\\rust_mozprofileRO260y\\search.json.mozlz4", (void 0)))
1627217811350	Marionette	INFO	Listening on port 54883
1627217811666	Marionette	WARN	TLS certificate errors will be ignored for this session
JavaScript error: https://letskodeit.com/wp-content/plugins/elementor-pro/assets/js/frontend.min.js?ver=2.8.4, line 2: ReferenceError: elementorModules is not defined
[Parent 49896, IPC I/O Parent] WARNING: file /builds/worker/checkouts/gecko/ipc/chromium/src/base/process_util_win.cc:167
1627217825276	Marionette	INFO	Stopped listening on port 54883

###!!! [Child][RunMessage] Error: Channel closing: too late to send/recv, messages will be lost

1627217848884	geckodriver	INFO	Listening on 127.0.0.1:54973
1627217851964	mozrunner::runner	INFO	Running command: "C:\\Program Files\\Mozilla Firefox\\firefox.exe" "--marionette" "-foreground" "-no-remote" "-profile" "C:\\Users\\langezai\\AppData\\Local\\Temp\\rust_mozprofileo5wc8K"
1627217852768	Marionette	INFO	Marionette enabled
console.warn: SearchSettings: "get: No settings file exists, new profile?" (new NotFoundError("Could not open the file at C:\\Users\\langezai\\AppData\\Local\\Temp\\rust_mozprofileo5wc8K\\search.json.mozlz4", (void 0)))
1627217856736	Marionette	INFO	Listening on port 54984
1627217856834	Marionette	WARN	TLS certificate errors will be ignored for this session
JavaScript error: https://letskodeit.com/wp-content/plugins/elementor-pro/assets/js/frontend.min.js?ver=2.8.4, line 2: ReferenceError: elementorModules is not defined
1627217873536	Marionette	INFO	Stopped listening on port 54984

###!!! [Child][RunMessage] Error: Channel closing: too late to send/recv, messages will be lost

1627218231837	geckodriver	INFO	Listening on 127.0.0.1:59800
1627218234894	mozrunner::runner	INFO	Running command: "C:\\Program Files\\Mozilla Firefox\\firefox.exe" "--marionette" "-foreground" "-no-remote" "-profile" "C:\\Users\\langezai\\AppData\\Local\\Temp\\rust_mozprofile5mPxwA"
1627218235411	Marionette	INFO	Marionette enabled
console.warn: SearchSettings: "get: No settings file exists, new profile?" (new NotFoundError("Could not open the file at C:\\Users\\langezai\\AppData\\Local\\Temp\\rust_mozprofile5mPxwA\\search.json.mozlz4", (void 0)))
1627218238303	Marionette	INFO	Listening on port 59810
1627218238645	Marionette	WARN	TLS certificate errors will be ignored for this session
JavaScript error: https://letskodeit.com/wp-content/plugins/elementor-pro/assets/js/frontend.min.js?ver=2.8.4, line 2: ReferenceError: elementorModules is not defined
1627218248131	Marionette	INFO	Stopped listening on port 59810

###!!! [Child][RunMessage] Error: Channel closing: too late to send/recv, messages will be lost

